<?xml version="1.0" encoding="UTF-8"?>
<!-- Generated by org.testng.reporters.JUnitReportReporter -->
<testsuite skipped="0" hostname="DESKTOP-V12SF19" name="restassuredpack.PostUser" tests="3" failures="0" timestamp="06 Feb 2021 15:36:47 GMT" time="11.175" errors="0">
  <testcase name="user" time="1.480" classname="restassuredpack.PostUser"/>
  <testcase name="responseHeaderdata_shouldbecorrect" time="0.432" classname="restassuredpack.PostUser"/>
  <testcase name="NumberofcircuitFor2017Season_shouldbe20" time="9.263" classname="restassuredpack.PostUser"/>
</testsuite> <!-- restassuredpack.PostUser -->
