<?xml version="1.0" encoding="UTF-8"?>
<!-- Generated by org.testng.reporters.JUnitReportReporter -->
<testsuite skipped="0" hostname="DESKTOP-V12SF19" name="newrestproject.CreateuserAuth" tests="1" failures="0" timestamp="07 Mar 2021 12:51:12 GMT" time="32.067" errors="0">
  <testcase name="passUserPass" time="32.067" classname="newrestproject.CreateuserAuth"/>
</testsuite> <!-- newrestproject.CreateuserAuth -->
