<?xml version="1.0" encoding="UTF-8"?>
<!-- Generated by org.testng.reporters.JUnitReportReporter -->
<testsuite skipped="0" hostname="DESKTOP-V12SF19" name="programrest.SimpleJsonSerialization" tests="1" failures="0" timestamp="08 Mar 2021 16:20:13 GMT" time="79.213" errors="0">
  <testcase name="createSimpleJsonfromSimpleJsonPOJOClass" time="79.213" classname="programrest.SimpleJsonSerialization"/>
</testsuite> <!-- programrest.SimpleJsonSerialization -->
