<?xml version="1.0" encoding="UTF-8"?>
<!-- Generated by org.testng.reporters.JUnitReportReporter -->
<testsuite skipped="0" hostname="DESKTOP-V12SF19" name="publicapi.EmployessSerializationDeserialization" tests="2" failures="0" timestamp="29 Mar 2021 11:03:18 GMT" time="0.927" errors="0">
  <testcase name="createListOfEmployeeJsonArrayFromEmployeePojoClass" time="0.743" classname="publicapi.EmployessSerializationDeserialization"/>
  <testcase name="getPojoFromEmployeeObject" time="0.184" classname="publicapi.EmployessSerializationDeserialization"/>
</testsuite> <!-- publicapi.EmployessSerializationDeserialization -->
