<?xml version="1.0" encoding="UTF-8"?>
<!-- Generated by org.testng.reporters.JUnitReportReporter -->
<testsuite skipped="0" hostname="DESKTOP-V12SF19" name="publicapi.NestedJson" tests="1" failures="0" timestamp="29 Mar 2021 12:32:21 GMT" time="4.401" errors="0">
  <testcase name="jsonNestedString" time="4.401" classname="publicapi.NestedJson"/>
</testsuite> <!-- publicapi.NestedJson -->
