<?xml version="1.0" encoding="UTF-8"?>
<!-- Generated by org.testng.reporters.JUnitReportReporter -->
<testsuite skipped="0" hostname="DESKTOP-V12SF19" name="programrest.SerializeEmpDetails" tests="1" failures="0" timestamp="14 Mar 2021 15:43:53 GMT" time="4.420" errors="0">
  <testcase name="details" time="4.420" classname="programrest.SerializeEmpDetails"/>
</testsuite> <!-- programrest.SerializeEmpDetails -->
