<?xml version="1.0" encoding="UTF-8"?>
<!-- Generated by org.testng.reporters.JUnitReportReporter -->
<testsuite skipped="0" hostname="DESKTOP-V12SF19" name="restassuredpack.GetMethod" tests="3" failures="0" timestamp="13 Feb 2021 12:03:17 GMT" time="9.302" errors="0">
  <testcase name="testGetWithNonexistId" time="0.923" classname="restassuredpack.GetMethod"/>
  <testcase name="getData" time="7.285" classname="restassuredpack.GetMethod"/>
  <testcase name="testGetWithId" time="1.094" classname="restassuredpack.GetMethod"/>
</testsuite> <!-- restassuredpack.GetMethod -->
