<?xml version="1.0" encoding="UTF-8"?>
<!-- Generated by org.testng.reporters.JUnitReportReporter -->
<testsuite skipped="0" hostname="DESKTOP-V12SF19" name="restassuredpack.QueryParameterRequest" tests="1" failures="0" timestamp="31 Jan 2021 07:27:58 GMT" time="2.115" errors="0">
  <testcase name="queryParameter" time="2.115" classname="restassuredpack.QueryParameterRequest"/>
</testsuite> <!-- restassuredpack.QueryParameterRequest -->
