<?xml version="1.0" encoding="UTF-8"?>
<!-- Generated by org.testng.reporters.JUnitReportReporter -->
<testsuite skipped="0" hostname="DESKTOP-V12SF19" name="programrest.GetMethod" tests="1" failures="0" timestamp="13 Feb 2021 09:35:35 GMT" time="7.275" errors="0">
  <testcase name="getData" time="7.275" classname="programrest.GetMethod"/>
</testsuite> <!-- programrest.GetMethod -->
