<?xml version="1.0" encoding="UTF-8"?>
<!-- Generated by org.testng.reporters.JUnitReportReporter -->
<testsuite skipped="0" hostname="DESKTOP-V12SF19" name="restassuredpack.CreateUser" tests="1" failures="0" timestamp="07 Feb 2021 06:39:28 GMT" time="12.836" errors="0">
  <testcase name="createUserSuccessfully" time="12.836" classname="restassuredpack.CreateUser"/>
</testsuite> <!-- restassuredpack.CreateUser -->
