<?xml version="1.0" encoding="UTF-8"?>
<!-- Generated by org.testng.reporters.JUnitReportReporter -->
<testsuite skipped="0" hostname="DESKTOP-V12SF19" name="restassured.DataToTest" tests="1" failures="0" timestamp="30 Jan 2021 15:31:57 GMT" time="8.277" errors="0">
  <testcase name="GetData" time="8.277" classname="restassured.DataToTest"/>
</testsuite> <!-- restassured.DataToTest -->
