<?xml version="1.0" encoding="UTF-8"?>
<!-- Generated by org.testng.reporters.JUnitReportReporter -->
<testsuite skipped="2" hostname="DESKTOP-V12SF19" name="restassuredpack.ExtractDemo" tests="3" failures="0" timestamp="21 Feb 2021 07:47:12 GMT" time="11.509" errors="0">
  <testcase name="getBookfromLibrary" time="11.509" classname="restassuredpack.ExtractDemo"/>
  <testcase name="addBookToLibrary" classname="restassuredpack.ExtractDemo">
    <skipped/>
  </testcase> <!-- addBookToLibrary -->
  <testcase name="deleteBookToLibrary" classname="restassuredpack.ExtractDemo">
    <skipped/>
  </testcase> <!-- deleteBookToLibrary -->
</testsuite> <!-- restassuredpack.ExtractDemo -->
